[debug] [2021-12-05T18:56:35.481Z] ----------------------------------------------------------------------
[debug] [2021-12-05T18:56:35.485Z] Command:       /home/roshan/.nvm/versions/node/v16.13.0/bin/node /home/roshan/.nvm/versions/node/v16.13.0/bin/firebase init
[debug] [2021-12-05T18:56:35.486Z] CLI Version:   9.23.0
[debug] [2021-12-05T18:56:35.486Z] Platform:      linux
[debug] [2021-12-05T18:56:35.487Z] Node Version:  v16.13.0
[debug] [2021-12-05T18:56:35.498Z] Time:          Mon Dec 06 2021 00:26:35 GMT+0530 (India Standard Time)
[debug] [2021-12-05T18:56:35.498Z] ----------------------------------------------------------------------
[debug] 
[debug] [2021-12-05T18:56:35.515Z] > command requires scopes: ["email","openid","https://www.googleapis.com/auth/cloudplatformprojects.readonly","https://www.googleapis.com/auth/firebase","https://www.googleapis.com/auth/cloud-platform"]
[debug] [2021-12-05T18:56:35.516Z] > authorizing via signed-in user (roshan31kumar31@gmail.com)
[info] 
     ######## #### ########  ######## ########     ###     ######  ########
     ##        ##  ##     ## ##       ##     ##  ##   ##  ##       ##
     ######    ##  ########  ######   ########  #########  ######  ######
     ##        ##  ##    ##  ##       ##     ## ##     ##       ## ##
     ##       #### ##     ## ######## ########  ##     ##  ######  ########

You're about to initialize a Firebase project in this directory:

  /home/roshan/React.JS-Project/todo-app

[info] 
=== Project Setup
[info] 
[info] First, let's associate this project directory with a Firebase project.
[info] You can create multiple project aliases by running firebase use --add, 
[info] but for now we'll just set up a default project.
[info] 
[debug] [2021-12-05T18:58:06.438Z] > refreshing access token with scopes: []
[debug] [2021-12-05T18:58:06.440Z] >>> HTTP REQUEST POST https://www.googleapis.com/oauth2/v3/token  
 <request body omitted>
[debug] [2021-12-05T18:58:06.782Z] <<< HTTP RESPONSE 200 {"expires":"Mon, 01 Jan 1990 00:00:00 GMT","date":"Sun, 05 Dec 2021 18:58:06 GMT","pragma":"no-cache","cache-control":"no-cache, no-store, max-age=0, must-revalidate","content-type":"application/json; charset=utf-8","vary":"X-Origin, Referer, Origin,Accept-Encoding","server":"scaffolding on HTTPServer2","x-xss-protection":"0","x-frame-options":"SAMEORIGIN","x-content-type-options":"nosniff","alt-svc":"h3=\":443\"; ma=2592000,h3-29=\":443\"; ma=2592000,h3-Q050=\":443\"; ma=2592000,h3-Q046=\":443\"; ma=2592000,h3-Q043=\":443\"; ma=2592000,quic=\":443\"; ma=2592000; v=\"46,43\"","accept-ranges":"none","transfer-encoding":"chunked"}
[debug] [2021-12-05T18:58:06.799Z] >>> [apiv2][query] GET https://firebase.googleapis.com/v1beta1/projects pageSize=100
[debug] [2021-12-05T18:58:07.711Z] <<< [apiv2][status] GET https://firebase.googleapis.com/v1beta1/projects 200
[debug] [2021-12-05T18:58:07.711Z] <<< [apiv2][body] GET https://firebase.googleapis.com/v1beta1/projects [omitted]
[info] i  Using project todo-app-a42e3 (todo-app) 
[info] 
=== Hosting Setup
[info] 
[info] Your public directory is the folder (relative to your project directory) that
[info] will contain Hosting assets to be uploaded with firebase deploy. If you
[info] have a build process for your assets, use your build's output directory.
[info] 
[debug] [2021-12-05T19:00:09.930Z] >>> [apiv2][query] GET https://www.gstatic.com/firebasejs/releases.json [none]
[debug] [2021-12-05T19:00:10.165Z] <<< [apiv2][status] GET https://www.gstatic.com/firebasejs/releases.json 200
[debug] [2021-12-05T19:00:10.165Z] <<< [apiv2][body] GET https://www.gstatic.com/firebasejs/releases.json {"current":{"version":"9.6.0","browserURL":"https://www.gstatic.com/firebasejs/9.6.0/firebase.js","packageURL":"https://www.gstatic.com/firebasejs/9.6.0/firebase.tgz"},"live":{"version":"9.6","browserURL":"https://www.gstatic.com/firebasejs/live/9.6/firebase.js","packageURL":"https://www.gstatic.com/firebasejs/live/9.6/firebase.tgz"},"components":{"analytics":"https://www.gstatic.com/firebasejs/9.6.0/firebase-analytics.js","app":"https://www.gstatic.com/firebasejs/9.6.0/firebase-app.js","app-check":"https://www.gstatic.com/firebasejs/9.6.0/firebase-app-check.js","auth":"https://www.gstatic.com/firebasejs/9.6.0/firebase-auth.js","auth/cordova":"https://www.gstatic.com/firebasejs/9.6.0/firebase-auth/cordova.js","auth/react-native":"https://www.gstatic.com/firebasejs/9.6.0/firebase-auth/react-native.js","functions":"https://www.gstatic.com/firebasejs/9.6.0/firebase-functions.js","firestore":"https://www.gstatic.com/firebasejs/9.6.0/firebase-firestore.js","firestore/lite":"https://www.gstatic.com/firebasejs/9.6.0/firebase-firestore/lite.js","storage":"https://www.gstatic.com/firebasejs/9.6.0/firebase-storage.js","performance":"https://www.gstatic.com/firebasejs/9.6.0/firebase-performance.js","remote-config":"https://www.gstatic.com/firebasejs/9.6.0/firebase-remote-config.js","messaging":"https://www.gstatic.com/firebasejs/9.6.0/firebase-messaging.js","messaging/sw":"https://www.gstatic.com/firebasejs/9.6.0/firebase-messaging/sw.js","database":"https://www.gstatic.com/firebasejs/9.6.0/firebase-database.js","firestore.memory":"https://www.gstatic.com/firebasejs/9.6.0/firebase-firestore.memory.js"}}
[info] ✔  Wrote build/index.html 
[info] 
[info] i  Detected a .git folder at /home/roshan/React.JS-Project/todo-app 
[info] i  Authorizing with GitHub to upload your service account to a GitHub repository's secrets store. 
[info] 
[info] Visit this URL on this device to log in:
[info] https://github.com/login/oauth/authorize?client_id=89cf50f02ac6aaed3484&state=915825363&redirect_uri=http%3A%2F%2Flocalhost%3A9005&scope=read%3Auser%20repo%20public_repo
[info] 
[info] Waiting for authentication...
[debug] [2021-12-05T19:00:28.232Z] >>> HTTP REQUEST POST https://github.com/login/oauth/access_token  
 {"client_id":"89cf50f02ac6aaed3484","client_secret":"3330d14abc895d9a74d5f17cd7a00711fa2c5bf0","code":"9bd6be5bdb7d0a73d62e","redirect_uri":"http://localhost:9005","state":"915825363"}
[debug] [2021-12-05T19:00:28.699Z] <<< HTTP RESPONSE 200 {"server":"GitHub.com","date":"Sun, 05 Dec 2021 19:00:28 GMT","content-type":"application/json; charset=utf-8","transfer-encoding":"chunked","vary":"X-PJAX, X-PJAX-Container, Accept-Encoding, Accept, X-Requested-With","permissions-policy":"interest-cohort=()","etag":"W/\"99f3090f1f341f34184bdcb700b9df61\"","cache-control":"max-age=0, private, must-revalidate","strict-transport-security":"max-age=31536000; includeSubdomains; preload","x-frame-options":"deny","x-content-type-options":"nosniff","x-xss-protection":"0","referrer-policy":"origin-when-cross-origin, strict-origin-when-cross-origin","expect-ct":"max-age=2592000, report-uri=\"https://api.github.com/_private/browser/errors\"","content-security-policy":"default-src 'none'; base-uri 'self'; block-all-mixed-content; child-src github.com/assets-cdn/worker/ gist.github.com/assets-cdn/worker/; connect-src 'self' uploads.github.com objects-origin.githubusercontent.com www.githubstatus.com collector.githubapp.com api.github.com github-cloud.s3.amazonaws.com github-production-repository-file-5c1aeb.s3.amazonaws.com github-production-upload-manifest-file-7fdce7.s3.amazonaws.com github-production-user-asset-6210df.s3.amazonaws.com cdn.optimizely.com logx.optimizely.com/v1/events translator.github.com wss://alive.github.com; font-src github.githubassets.com; form-action 'self' github.com gist.github.com objects-origin.githubusercontent.com; frame-ancestors 'none'; frame-src render.githubusercontent.com viewscreen.githubusercontent.com notebooks.githubusercontent.com; img-src 'self' data: github.githubassets.com identicons.github.com collector.githubapp.com github-cloud.s3.amazonaws.com secured-user-images.githubusercontent.com/ *.githubusercontent.com; manifest-src 'self'; media-src github.com user-images.githubusercontent.com/; script-src github.githubassets.com; style-src 'unsafe-inline' github.githubassets.com; worker-src github.com/assets-cdn/worker/ gist.github.com/assets-cdn/worker/","x-github-request-id":"90C0:7604:6EC423:802C95:61AD0C4C"}
[debug] [2021-12-05T19:00:28.707Z] >>> [apiv2][query] GET https://api.github.com/user [none]
[debug] [2021-12-05T19:00:29.523Z] <<< [apiv2][status] GET https://api.github.com/user 200
[debug] [2021-12-05T19:00:29.523Z] <<< [apiv2][body] GET https://api.github.com/user {"login":"Roshan-kumar123","id":77020129,"node_id":"MDQ6VXNlcjc3MDIwMTI5","avatar_url":"https://avatars.githubusercontent.com/u/77020129?v=4","gravatar_id":"","url":"https://api.github.com/users/Roshan-kumar123","html_url":"https://github.com/Roshan-kumar123","followers_url":"https://api.github.com/users/Roshan-kumar123/followers","following_url":"https://api.github.com/users/Roshan-kumar123/following{/other_user}","gists_url":"https://api.github.com/users/Roshan-kumar123/gists{/gist_id}","starred_url":"https://api.github.com/users/Roshan-kumar123/starred{/owner}{/repo}","subscriptions_url":"https://api.github.com/users/Roshan-kumar123/subscriptions","organizations_url":"https://api.github.com/users/Roshan-kumar123/orgs","repos_url":"https://api.github.com/users/Roshan-kumar123/repos","events_url":"https://api.github.com/users/Roshan-kumar123/events{/privacy}","received_events_url":"https://api.github.com/users/Roshan-kumar123/received_events","type":"User","site_admin":false,"name":"Roshan Kumar","company":null,"blog":"","location":"Palla no 3 power house Faridabad Haryana 121003","email":"Roshan31kumar31@gmail.com","hireable":null,"bio":null,"twitter_username":"Roshanrajput123","public_repos":3,"public_gists":1,"followers":0,"following":0,"created_at":"2021-01-05T18:07:53Z","updated_at":"2021-11-19T20:38:34Z","private_gists":0,"total_private_repos":0,"owned_private_repos":0,"disk_usage":6605,"collaborators":0,"two_factor_authentication":false,"plan":{"name":"free","space":976562499,"collaborators":0,"private_repos":10000}}
[info] 
[info] ✔  Success! Logged into GitHub as Roshan-kumar123 
[info] 
[debug] [2021-12-05T19:01:29.978Z] ----------------------------------------------------------------------
[debug] [2021-12-05T19:01:29.982Z] Command:       /home/roshan/.nvm/versions/node/v16.13.0/bin/node /home/roshan/.nvm/versions/node/v16.13.0/bin/firebase init
[debug] [2021-12-05T19:01:29.983Z] CLI Version:   9.23.0
[debug] [2021-12-05T19:01:29.983Z] Platform:      linux
[debug] [2021-12-05T19:01:29.984Z] Node Version:  v16.13.0
[debug] [2021-12-05T19:01:29.984Z] Time:          Mon Dec 06 2021 00:31:29 GMT+0530 (India Standard Time)
[debug] [2021-12-05T19:01:29.985Z] ----------------------------------------------------------------------
[debug] 
[debug] [2021-12-05T19:01:29.996Z] > command requires scopes: ["email","openid","https://www.googleapis.com/auth/cloudplatformprojects.readonly","https://www.googleapis.com/auth/firebase","https://www.googleapis.com/auth/cloud-platform"]
[debug] [2021-12-05T19:01:29.996Z] > authorizing via signed-in user (roshan31kumar31@gmail.com)
[info] 
     ######## #### ########  ######## ########     ###     ######  ########
     ##        ##  ##     ## ##       ##     ##  ##   ##  ##       ##
     ######    ##  ########  ######   ########  #########  ######  ######
     ##        ##  ##    ##  ##       ##     ## ##     ##       ## ##
     ##       #### ##     ## ######## ########  ##     ##  ######  ########

You're about to initialize a Firebase project in this directory:

  /home/roshan/React.JS-Project/todo-app

